[2020-10-21T22:25:11.4217922Z] [Information] Put token failed. status-code: 401, status-description: InvalidSignature: The token has an invalid signature..
[2020-10-21T22:25:12.5046765Z] [Information] Put token failed. status-code: 401, status-description: InvalidSignature: The token has an invalid signature..
[2020-10-21T22:25:14.6005166Z] [Information] Put token failed. status-code: 401, status-description: InvalidSignature: The token has an invalid signature..
[2020-10-21T22:25:17.6402917Z] [Information] Put token failed. status-code: 401, status-description: InvalidSignature: The token has an invalid signature..
[2020-10-21T22:25:21.6961526Z] [Information] Put token failed. status-code: 401, status-description: InvalidSignature: The token has an invalid signature..
[2020-10-21T22:25:26.7604597Z] [Information] Put token failed. status-code: 401, status-description: InvalidSignature: The token has an invalid signature..
[2020-10-21T22:25:32.7853214Z] [Information] Put token failed. status-code: 401, status-description: InvalidSignature: The token has an invalid signature..
[2020-10-21T22:25:39.8410301Z] [Information] Put token failed. status-code: 401, status-description: InvalidSignature: The token has an invalid signature..
[2020-10-21T22:25:47.9172733Z] [Information] Put token failed. status-code: 401, status-description: InvalidSignature: The token has an invalid signature..
[2020-10-21T22:25:57.0453186Z] [Information] Put token failed. status-code: 401, status-description: InvalidSignature: The token has an invalid signature..
[2020-10-21T22:26:07.0932563Z] [Information] Put token failed. status-code: 401, status-description: InvalidSignature: The token has an invalid signature..
[2020-10-21T22:27:17.1278124Z] [Exception] The operation did not complete within the allocated time 00:01:09.9554774 for object requestresponseamqplink7.

Server stack trace: 


Exception rethrown at [0]: 
   at Microsoft.ServiceBus.Common.ExceptionDispatcher.Throw(Exception exception)
   at Microsoft.ServiceBus.Common.AsyncResult.End[TAsyncResult](IAsyncResult result)
   at Microsoft.ServiceBus.Messaging.AmqpClient.AmqpCbsLink.SendTokenAsyncResult.<>c__DisplayClass39.<GetAsyncSteps>b__35(SendTokenAsyncResult thisPtr, IAsyncResult r)
   at Microsoft.ServiceBus.Messaging.IteratorAsyncResult`1.StepCallback(IAsyncResult result)

Exception rethrown at [1]: 
   at Microsoft.ServiceBus.Common.ExceptionDispatcher.Throw(Exception exception)
   at Microsoft.ServiceBus.Common.AsyncResult.End[TAsyncResult](IAsyncResult result)
   at Microsoft.ServiceBus.Messaging.Amqp.AmqpMessagingFactory.OpenEntityAsyncResult.<GetAsyncSteps>b__137(OpenEntityAsyncResult thisPtr, IAsyncResult r)
   at Microsoft.ServiceBus.Messaging.IteratorAsyncResult`1.StepCallback(IAsyncResult result)

Exception rethrown at [2]: 
   at Microsoft.ServiceBus.Common.ExceptionDispatcher.Throw(Exception exception)
   at Microsoft.ServiceBus.Common.AsyncResult.End[TAsyncResult](IAsyncResult result)
   at Microsoft.ServiceBus.Messaging.Amqp.AmqpMessageSender.EndCreateLink(IAsyncResult result)
   at Microsoft.ServiceBus.Messaging.Amqp.FaultTolerantObject`1.CreateAsyncResult.<GetAsyncSteps>b__4(CreateAsyncResult thisPtr, IAsyncResult r)
   at Microsoft.ServiceBus.Messaging.IteratorAsyncResult`1.StepCallback(IAsyncResult result)

Exception rethrown at [3]: 
   at Microsoft.ServiceBus.Common.ExceptionDispatcher.Throw(Exception exception)
   at Microsoft.ServiceBus.Common.AsyncResult.End[TAsyncResult](IAsyncResult result)
   at Microsoft.ServiceBus.Messaging.Amqp.FaultTolerantObject`1.OnEndCreateInstance(IAsyncResult asyncResult)
   at Microsoft.ServiceBus.Messaging.SingletonManager`1.EndGetInstance(IAsyncResult asyncResult)
   at Microsoft.ServiceBus.Messaging.ClientEntity.EndOpen(IAsyncResult result)
   at Microsoft.ServiceBus.Messaging.OpenOnceManager.OnEndCreateInstance(IAsyncResult asyncResult)
   at Microsoft.ServiceBus.Messaging.SingletonManager`1.EndGetInstance(IAsyncResult asyncResult)
   at Microsoft.ServiceBus.Messaging.OpenOnceManager.OpenOnceManagerAsyncResult`1.OpenComplete(IAsyncResult result)
   at Microsoft.ServiceBus.Common.AsyncResult.AsyncCompletionWrapperCallback(IAsyncResult result)

Exception rethrown at [4]: 
   at Microsoft.ServiceBus.Common.ExceptionDispatcher.Throw(Exception exception)
   at Microsoft.ServiceBus.Common.AsyncResult.End[TAsyncResult](IAsyncResult result)
   at Microsoft.ServiceBus.Messaging.EventHubClient.Send(EventData data)
   at SensorEventGenerator.EventHubObserver.OnNext(List`1 sensorData) in D:\test\SensorEventGenerator\EventHubObserver.cs:line 41
